Replace Part * w25q16 in E:\desktop\programe\PCB_Project\Sheet1.SchDoc with w25q16 from Schlib1.SchLib
Replace Part * w25q16 in E:\desktop\programe\PCB_Project\Sheet1.SchDoc with w25q16 from Schlib1.SchLib
Replace Part C? Cap in E:\desktop\programe\PCB_Project\Sheet1.SchDoc with Cap from Miscellaneous Devices.IntLib
Replace Part C? Cap in E:\desktop\programe\PCB_Project\Sheet1.SchDoc with Cap from Miscellaneous Devices.IntLib
Replace Part C? Cap in E:\desktop\programe\PCB_Project\Sheet1.SchDoc with Cap from Miscellaneous Devices.IntLib
Replace Part C? Cap in E:\desktop\programe\PCB_Project\Sheet1.SchDoc with Cap from Miscellaneous Devices.IntLib
Replace Part C? Cap in E:\desktop\programe\PCB_Project\Sheet1.SchDoc with Cap from Miscellaneous Devices.IntLib
Replace Part C? Cap in E:\desktop\programe\PCB_Project\Sheet1.SchDoc with Cap from Miscellaneous Devices.IntLib
Replace Part C? Cap in E:\desktop\programe\PCB_Project\Sheet1.SchDoc with Cap from Miscellaneous Devices.IntLib
Replace Part C? Cap in E:\desktop\programe\PCB_Project\Sheet1.SchDoc with Cap from Miscellaneous Devices.IntLib
Replace Part C? Cap in E:\desktop\programe\PCB_Project\Sheet1.SchDoc with Cap from Miscellaneous Devices.IntLib
Replace Part C? Cap in E:\desktop\programe\PCB_Project\Sheet1.SchDoc with Cap from Miscellaneous Devices.IntLib
Replace Part C? Cap in E:\desktop\programe\PCB_Project\Sheet1.SchDoc with Cap from Miscellaneous Devices.IntLib
Replace Part C? Cap in E:\desktop\programe\PCB_Project\Sheet1.SchDoc with Cap from Miscellaneous Devices.IntLib
Replace Part C? Cap in E:\desktop\programe\PCB_Project\Sheet1.SchDoc with Cap from Miscellaneous Devices.IntLib
Replace Part L? LED in E:\desktop\programe\PCB_Project\Sheet1.SchDoc with LED from CHXXX.schlib
Replace Part L? LED in E:\desktop\programe\PCB_Project\Sheet1.SchDoc with LED from CHXXX.schlib
Replace Part P? Header 2X2 in E:\desktop\programe\PCB_Project\Sheet1.SchDoc with Header 2X2 from Miscellaneous Connectors.IntLib
Replace Part P? Header 2X2 in E:\desktop\programe\PCB_Project\Sheet1.SchDoc with Header 2X2 from Miscellaneous Connectors.IntLib
Replace Part P? Header 2X2 in E:\desktop\programe\PCB_Project\Sheet1.SchDoc with Header 2X2 from Miscellaneous Connectors.IntLib
Replace Part P? TF_CARD in E:\desktop\programe\PCB_Project\Sheet1.SchDoc with TF_CARD from CHXXX.schlib
Replace Part R? Res2 in E:\desktop\programe\PCB_Project\Sheet1.SchDoc with Res2 from Miscellaneous Devices.IntLib
Replace Part R? Res2 in E:\desktop\programe\PCB_Project\Sheet1.SchDoc with Res2 from Miscellaneous Devices.IntLib
Replace Part R? Res2 in E:\desktop\programe\PCB_Project\Sheet1.SchDoc with Res2 from Miscellaneous Devices.IntLib
Replace Part R? Res2 in E:\desktop\programe\PCB_Project\Sheet1.SchDoc with Res2 from Miscellaneous Devices.IntLib
Replace Part R? Res2 in E:\desktop\programe\PCB_Project\Sheet1.SchDoc with Res2 from Miscellaneous Devices.IntLib
Replace Part R? Res2 in E:\desktop\programe\PCB_Project\Sheet1.SchDoc with Res2 from Miscellaneous Devices.IntLib
Replace Part R? Res2 in E:\desktop\programe\PCB_Project\Sheet1.SchDoc with Res2 from Miscellaneous Devices.IntLib
Replace Part R? Res2 in E:\desktop\programe\PCB_Project\Sheet1.SchDoc with Res2 from Miscellaneous Devices.IntLib
Replace Part R? Res2 in E:\desktop\programe\PCB_Project\Sheet1.SchDoc with Res2 from Miscellaneous Devices.IntLib
Replace Part R? Res2 in E:\desktop\programe\PCB_Project\Sheet1.SchDoc with Res2 from Miscellaneous Devices.IntLib
Replace Part R? Res2 in E:\desktop\programe\PCB_Project\Sheet1.SchDoc with Res2 from Miscellaneous Devices.IntLib
Replace Part R? Res2 in E:\desktop\programe\PCB_Project\Sheet1.SchDoc with Res2 from Miscellaneous Devices.IntLib
Replace Part S? SW-PB in E:\desktop\programe\PCB_Project\Sheet1.SchDoc with SW-PB from Miscellaneous Devices.IntLib
Replace Part U? CH32V203CxT in E:\desktop\programe\PCB_Project\Sheet1.SchDoc with CH32V203CxT from CHXXX.schlib
Replace Part U? 24c01 in E:\desktop\programe\PCB_Project\Sheet1.SchDoc with 24c01 from Schlib1.SchLib
Replace Part Y? XTAL in E:\desktop\programe\PCB_Project\Sheet1.SchDoc with XTAL from Miscellaneous Devices.IntLib
Replace Part Y? XTAL in E:\desktop\programe\PCB_Project\Sheet1.SchDoc with XTAL from Miscellaneous Devices.IntLib
